<?xml version="1.0" encoding="UTF-8"?>
<!-- Generated by org.testng.reporters.JUnitReportReporter -->
<testsuite hostname="SREE" failures="0" tests="1" name="cucumberOptions.TestNGTestRunner" time="0.119" errors="0" timestamp="2025-02-06T12:49:58 IST" skipped="0">
  <testcase classname="cucumberOptions.TestNGTestRunner" name="runScenario" time="0.119"/>
</testsuite> <!-- cucumberOptions.TestNGTestRunner -->
